<?xml version="1.0" encoding="UTF-8"?>
<!-- Generated by org.testng.reporters.JUnitReportReporter -->
<testsuite skipped="0" hostname="user-PC" name="org.testng.test.TestNgAdactinHotel" tests="3" failures="0" timestamp="22 Mar 2021 15:11:44 GMT" time="51.229" errors="0">
  <testcase name="test1" time="14.970" classname="org.testng.test.TestNgAdactinHotel"/>
  <testcase name="test1" time="15.185" classname="org.testng.test.TestNgAdactinHotel"/>
  <testcase name="test1" time="21.074" classname="org.testng.test.TestNgAdactinHotel"/>
</testsuite> <!-- org.testng.test.TestNgAdactinHotel -->
